The system is: Linux - sh: 0: getcwd() failed: No such file or directory
5.4.0-47-generic - sh: 0: getcwd() failed: No such file or directory
x86_64
Determining if the C compiler works passed with the following output:
Change Dir: /home/chriskafka/project/multithreadInCpp/build/CMakeFiles/CMakeTmp

Run Build Command:"/usr/bin/make" "cmTC_bbbe8/fast"
/usr/bin/make -f CMakeFiles/cmTC_bbbe8.dir/build.make CMakeFiles/cmTC_bbbe8.dir/build
make[1]: 进入目录“/home/chriskafka/project/multithreadInCpp/build/CMakeFiles/CMakeTmp”
Building C object CMakeFiles/cmTC_bbbe8.dir/testCCompiler.c.o
/usr/bin/gcc-7    -o CMakeFiles/cmTC_bbbe8.dir/testCCompiler.c.o   -c /home/chriskafka/project/multithreadInCpp/build/CMakeFiles/CMakeTmp/testCCompiler.c
Linking C executable cmTC_bbbe8
/usr/bin/cmake -E cmake_link_script CMakeFiles/cmTC_bbbe8.dir/link.txt --verbose=1
/usr/bin/gcc-7      CMakeFiles/cmTC_bbbe8.dir/testCCompiler.c.o  -o cmTC_bbbe8 
make[1]: 离开目录“/home/chriskafka/project/multithreadInCpp/build/CMakeFiles/CMakeTmp”


Detecting C compiler ABI info compiled with the following output:
Change Dir: /home/chriskafka/project/multithreadInCpp/build/CMakeFiles/CMakeTmp

Run Build Command:"/usr/bin/make" "cmTC_5b447/fast"
/usr/bin/make -f CMakeFiles/cmTC_5b447.dir/build.make CMakeFiles/cmTC_5b447.dir/build
make[1]: 进入目录“/home/chriskafka/project/multithreadInCpp/build/CMakeFiles/CMakeTmp”
Building C object CMakeFiles/cmTC_5b447.dir/CMakeCCompilerABI.c.o
/usr/bin/gcc-7    -o CMakeFiles/cmTC_5b447.dir/CMakeCCompilerABI.c.o   -c /usr/share/cmake-3.10/Modules/CMakeCCompilerABI.c
Linking C executable cmTC_5b447
/usr/bin/cmake -E cmake_link_script CMakeFiles/cmTC_5b447.dir/link.txt --verbose=1
/usr/bin/gcc-7      CMakeFiles/cmTC_5b447.dir/CMakeCCompilerABI.c.o  -o cmTC_5b447 
make[1]: 离开目录“/home/chriskafka/project/multithreadInCpp/build/CMakeFiles/CMakeTmp”


Determining if the CXX compiler works passed with the following output:
Change Dir: /home/chriskafka/project/multithreadInCpp/build/CMakeFiles/CMakeTmp

Run Build Command:"/usr/bin/make" "cmTC_49aed/fast"
/usr/bin/make -f CMakeFiles/cmTC_49aed.dir/build.make CMakeFiles/cmTC_49aed.dir/build
make[1]: 进入目录“/home/chriskafka/project/multithreadInCpp/build/CMakeFiles/CMakeTmp”
Building CXX object CMakeFiles/cmTC_49aed.dir/testCXXCompiler.cxx.o
/usr/bin/g++-7     -o CMakeFiles/cmTC_49aed.dir/testCXXCompiler.cxx.o -c /home/chriskafka/project/multithreadInCpp/build/CMakeFiles/CMakeTmp/testCXXCompiler.cxx
Linking CXX executable cmTC_49aed
/usr/bin/cmake -E cmake_link_script CMakeFiles/cmTC_49aed.dir/link.txt --verbose=1
/usr/bin/g++-7       CMakeFiles/cmTC_49aed.dir/testCXXCompiler.cxx.o  -o cmTC_49aed 
make[1]: 离开目录“/home/chriskafka/project/multithreadInCpp/build/CMakeFiles/CMakeTmp”


Detecting CXX compiler ABI info compiled with the following output:
Change Dir: /home/chriskafka/project/multithreadInCpp/build/CMakeFiles/CMakeTmp

Run Build Command:"/usr/bin/make" "cmTC_a4098/fast"
/usr/bin/make -f CMakeFiles/cmTC_a4098.dir/build.make CMakeFiles/cmTC_a4098.dir/build
make[1]: 进入目录“/home/chriskafka/project/multithreadInCpp/build/CMakeFiles/CMakeTmp”
Building CXX object CMakeFiles/cmTC_a4098.dir/CMakeCXXCompilerABI.cpp.o
/usr/bin/g++-7     -o CMakeFiles/cmTC_a4098.dir/CMakeCXXCompilerABI.cpp.o -c /usr/share/cmake-3.10/Modules/CMakeCXXCompilerABI.cpp
Linking CXX executable cmTC_a4098
/usr/bin/cmake -E cmake_link_script CMakeFiles/cmTC_a4098.dir/link.txt --verbose=1
/usr/bin/g++-7       CMakeFiles/cmTC_a4098.dir/CMakeCXXCompilerABI.cpp.o  -o cmTC_a4098 
make[1]: 离开目录“/home/chriskafka/project/multithreadInCpp/build/CMakeFiles/CMakeTmp”


